#
# A fatal error has been detected by the Java Runtime Environment:
#
#  EXCEPTION_ACCESS_VIOLATION (0xc0000005) at pc=0x00007fff5dc326c4, pid=21076, tid=12788
#
# JRE version: OpenJDK Runtime Environment (24.0.1+9) (build 24.0.1+9-30)
# Java VM: OpenJDK 64-Bit Server VM (24.0.1+9-30, mixed mode, emulated-client, sharing, tiered, compressed oops, compressed class ptrs, g1 gc, windows-amd64)
# Problematic frame:
# C  [libasyncProfiler.dll+0x926c4]
#
# No core dump will be written. Minidumps are not enabled by default on client versions of Windows
#
# JFR recording file will be written. Location: D:\AIT_education\JAVA-PRO\Lessons\lesson_11\student-service\hs_err_pid21076.jfr
#
# If you would like to submit a bug report, please visit:
#   https://bugreport.java.com/bugreport/crash.jsp
# The crash happened outside the Java Virtual Machine in native code.
# See problematic frame for where to report the bug.
#

---------------  S U M M A R Y ------------

Command Line: -XX:TieredStopAtLevel=1 -Dspring.output.ansi.enabled=always -Dcom.sun.management.jmxremote -Dspring.jmx.enabled=true -Dspring.liveBeansView.mbeanDomain -Dspring.application.admin.enabled=true -Dmanagement.endpoints.jmx.exposure.include=* -javaagent:C:\Program Files\JetBrains\IntelliJ IDEA 2025.1.2\lib\idea_rt.jar=52854 -agentpath:C:\Users\andre\AppData\Local\Temp\idea_libasyncProfiler_dll_temp_folder\libasyncProfiler.dll=start,jfr,event=wall,interval=10ms,jfrsync=profile,cstack=no,file=C:\Users\andre\IdeaSnapshots\StudentServiceApplication_2025_06_23_130126.jfr,dbghelppath=C:\Users\andre\AppData\Local\Temp\idea_dbghelp_dll_temp_folder\dbghelp.dll,log=C:\Users\andre\AppData\Local\Temp\StudentServiceApplication_2025_06_23_130126.jfr.log.txt,logLevel=DEBUG -Dfile.encoding=UTF-8 -Dsun.stdout.encoding=UTF-8 -Dsun.stderr.encoding=UTF-8 ait.cohort5860.StudentServiceApplication

Host: Intel(R) Core(TM) i5-8250U CPU @ 1.60GHz, 8 cores, 15G,  Windows 11 , 64 bit Build 26100 (10.0.26100.4202)
Time: Mon Jun 23 13:01:27 2025  Windows 11 , 64 bit Build 26100 (10.0.26100.4202) elapsed time: 0.949204 seconds (0d 0h 0m 0s)

---------------  T H R E A D  ---------------

Current thread (0x0000029210869ec0):  JavaThread "main"             [_thread_in_native, id=12788, stack(0x000000bb45c00000,0x000000bb45d00000) (1024K)]

Stack: [0x000000bb45c00000,0x000000bb45d00000],  sp=0x000000bb45cfebe0,  free space=1018k
Native frames: (J=compiled Java code, j=interpreted, Vv=VM code, C=native code)
C  [libasyncProfiler.dll+0x926c4]  (no source info available)
C  [libasyncProfiler.dll+0x92b9b]  (no source info available)
C  [libasyncProfiler.dll+0x917f4]  (no source info available)
C  [libasyncProfiler.dll+0x9206a]  (no source info available)
C  [libasyncProfiler.dll+0x8cc21]  (no source info available)
C  [libasyncProfiler.dll+0x7e5e1]  (no source info available)
C  [libasyncProfiler.dll+0x7d2f8]  (no source info available)
C  [libasyncProfiler.dll+0x7d1e0]  (no source info available)
C  [libasyncProfiler.dll+0x832fc]  (no source info available)
V  [jvm.dll+0x5e38de]  (no source info available)
V  [jvm.dll+0x886056]  (no source info available)
V  [jvm.dll+0x495f3e]  (no source info available)
V  [jvm.dll+0x497d11]  (no source info available)
C  [jli.dll+0x52a1]  (no source info available)
C  [ucrtbase.dll+0x37b0]  (no source info available)
C  [KERNEL32.DLL+0x2e8d7]  (no source info available)
C  [ntdll.dll+0x3c34c]  (no source info available)


siginfo: EXCEPTION_ACCESS_VIOLATION (0xc0000005), reading address 0xffffffffffffffff


Registers:
RAX=0x0000000000000010, RBX=0x0000000000000000, RCX=0xffffffffffffffff, RDX=0x007fff617e300010
RSP=0x000000bb45cfebe0, RBP=0x000002926a11d348, RSI=0x000000bb45cfed50, RDI=0x000002926a11d348
R8 =0x0000000000000042, R9 =0x0000000711801ed8, R10=0x00007fff61a59fb0, R11=0x0000000000000002
R12=0x000000bb45cfed50, R13=0x000002920e45b7f0, R14=0x000002921086a288, R15=0x000002921086a288
RIP=0x00007fff5dc326c4, EFLAGS=0x0000000000010202

XMM[0]=0x0000000000000000 0x0000000000000000
XMM[1]=0x0000000000000000 0x0000000000000000
XMM[2]=0x0000000000000000 0x0000000000000000
XMM[3]=0x0000000000000000 0x0000000000000000
XMM[4]=0x0000000000000000 0x0000000000000000
XMM[5]=0x0000000000000000 0x0000000000000000
XMM[6]=0x0000000000000000 0x0000000000000000
XMM[7]=0x0000000000000000 0x0000000000000000
XMM[8]=0x0000000000000000 0x0000000000000000
XMM[9]=0x0000000000000000 0x0000000000000000
XMM[10]=0x0000000000000000 0x0000000000000000
XMM[11]=0x0000000000000000 0x0000000000000000
XMM[12]=0x0000000000000000 0x0000000000000000
XMM[13]=0x0000000000000000 0x0000000000000000
XMM[14]=0x0000000000000000 0x0000000000000000
XMM[15]=0x0000000000000000 0x0000000000000000
  MXCSR=0x00001fa0


Register to memory mapping:

RAX=0x0000000000000010 is an unknown value
RBX=0x0 is null
RCX=0xffffffffffffffff is an unknown value
RDX=0x007fff617e300010 is an unknown value
RSP=0x000000bb45cfebe0 is pointing into the stack for thread: 0x0000029210869ec0
RBP=0x000002926a11d348 points into unknown readable memory: 0x0000000711801ed8 | d8 1e 80 11 07 00 00 00
RSI=0x000000bb45cfed50 is pointing into the stack for thread: 0x0000029210869ec0
RDI=0x000002926a11d348 points into unknown readable memory: 0x0000000711801ed8 | d8 1e 80 11 07 00 00 00
R8 =0x0000000000000042 is an unknown value
R9 =0x0000000711801ed8 is an oop: java.lang.Thread 
{0x0000000711801ed8} - klass: 'java/lang/Thread' - flags: 

 - ---- fields (total size 14 words):
 - 'threadLocalRandomProbe' 'I' @12  -1640531527 (0x9e3779b9)
 - private volatile 'eetop' 'J' @16  2826365738688 (0x0000029210869ec0)
 - private final 'tid' 'J' @24  3 (0x0000000000000003)
 - 'threadLocalRandomSeed' 'J' @32  4287236694325266091 (0x3b7f530f094706ab)
 - injected 'jvmti_thread_state' 'J' @40  2826702209488 (0x000002922494c1d0)
 - 'threadLocalRandomSecondarySeed' 'I' @48  0 (0x00000000)
 - injected 'jvmti_VTMS_transition_disable_count' 'I' @52  0 (0x00000000)
 - injected 'jfr_epoch' 'S' @56  0 (0x0000)
 - volatile 'interrupted' 'Z' @58  false (0x00)
 - injected 'jvmti_is_in_VTMS_transition' 'Z' @59  false (0x00)
 - private volatile 'name' 'Ljava/lang/String;' @60  "main"{0x0000000711801f48} (0xe23003e9)
 - private volatile 'contextClassLoader' 'Ljava/lang/ClassLoader;' @64  a 'jdk/internal/loader/ClassLoaders$AppClassLoader'{0x000000071182ce68} (0xe23059cd)
 - private final 'holder' 'Ljava/lang/Thread$FieldHolder;' @68  a 'java/lang/Thread$FieldHolder'{0x0000000711801f88} (0xe23003f1)
 - 'threadLocals' 'Ljava/lang/ThreadLocal$ThreadLocalMap;' @72  a 'java/lang/ThreadLocal$ThreadLocalMap'{0x0000000711749d80} (0xe22e93b0)
 - 'inheritableThreadLocals' 'Ljava/lang/ThreadLocal$ThreadLocalMap;' @76  null (0x00000000)
 - private 'scopedValueBindings' 'Ljava/lang/Object;' @80  a 'java/lang/Class'{0x00000007ffe7c258} = 'java/lang/Thread' (0xfffcf84b)
 - final 'interruptLock' 'Ljava/lang/Object;' @84  a 'java/lang/Object'{0x0000000711801f78} (0xe23003ef)
 - private volatile 'parkBlocker' 'Ljava/lang/Object;' @88  null (0x00000000)
 - private 'nioBlocker' 'Lsun/nio/ch/Interruptible;' @92  null (0x00000000)
 - private 'cont' 'Ljdk/internal/vm/Continuation;' @96  null (0x00000000)
 - private volatile 'uncaughtExceptionHandler' 'Ljava/lang/Thread$UncaughtExceptionHandler;' @100  null (0x00000000)
 - private 'container' 'Ljdk/internal/vm/ThreadContainer;' @104  null (0x00000000)
 - private volatile 'headStackableScopes' 'Ljdk/internal/vm/StackableScope;' @108  null (0x00000000)
R10=0x00007fff61a59fb0 jvm.dll
R11=0x0000000000000002 is an unknown value
R12=0x000000bb45cfed50 is pointing into the stack for thread: 0x0000029210869ec0
R13=0x000002920e45b7f0 points into unknown readable memory: 0x00007fff619ca510 | 10 a5 9c 61 ff 7f 00 00
R14=0x000002921086a288 points into unknown readable memory: 0x00007fff619c17b0 | b0 17 9c 61 ff 7f 00 00
R15=0x000002921086a288 points into unknown readable memory: 0x00007fff619c17b0 | b0 17 9c 61 ff 7f 00 00

Top of Stack: (sp=0x000000bb45cfebe0)
0x000000bb45cfebe0:   000000bb45cfed50 000002926a11d348   P..E....H..j....
0x000000bb45cfebf0:   0000000000000000 000002921091db30   ........0.......
0x000000bb45cfec00:   000000000000001b 00007fff5dc32b9b   .........+.]....
0x000000bb45cfec10:   0000000000000000 000002921086a288   ................
0x000000bb45cfec20:   000000bb45cfed01 0000000000000000   ...E............
0x000000bb45cfec30:   000002926bc0b350 00007fff5dc317f4   P..k.......]....
0x000000bb45cfec40:   0000000000000000 000000000000001b   ................
0x000000bb45cfec50:   0000000000000000 000000000000001b   ................
0x000000bb45cfec60:   0000000d00000002 000002926bc170a0   .........p.k....
0x000000bb45cfec70:   000002926bc0b350 000002926bc0b3bc   P..k.......k....
0x000000bb45cfec80:   000002926bc0b3c0 0000000000004ec0   ...k.....N......
0x000000bb45cfec90:   0000000000000000 0000000000000000   ................
0x000000bb45cfeca0:   0000000000000000 00007fff612257d4   .........W"a....
0x000000bb45cfecb0:   00007fff5dd74ca0 0000000000005254   .L.]....TR......
0x000000bb45cfecc0:   00007fff5dd74ca0 00000000ffffffff   .L.]............
0x000000bb45cfecd0:   0000000000000000 00007fff5dc3206a   ........j .]....
0x000000bb45cfece0:   000002921086a288 0000000000000000   ................
0x000000bb45cfecf0:   000000bb45cfed59 000002920e45b7f0   Y..E......E.....
0x000000bb45cfed00:   0000029224e74040 000002920e420000   @@.$......B.....
0x000000bb45cfed10:   0000029224e74040 00007fffcabefc09   @@.$............
0x000000bb45cfed20:   000002921086a288 00007fff5dd74ca0   .........L.]....
0x000000bb45cfed30:   00007fff5dd1f0d8 00007fff5dd1f0c8   ...].......]....
0x000000bb45cfed40:   0000000000000000 000002921086a288   ................
0x000000bb45cfed50:   000002926bd3c1c0 000002926bd3c520   ...k.... ..k....
0x000000bb45cfed60:   000002926bd3c520 00007fff5dd74ca0    ..k.....L.]....
0x000000bb45cfed70:   000002921087e908 000000bb45cfeee8   ...........E....
0x000000bb45cfed80:   000000bb45cff020 0000000000008840    ..E....@.......
0x000000bb45cfed90:   00007fff5dd67080 00007fff5dd74cf0   .p.].....L.]....
0x000000bb45cfeda0:   0000000000989680 0000000000989680   ................
0x000000bb45cfedb0:   000000bb45cfeec0 00007fff5dc2cc21   ...E....!..]....
0x000000bb45cfedc0:   00007fff5dd74ca0 00007fff5dd74cf8   .L.].....L.]....
0x000000bb45cfedd0:   00007fff00000000 003f933500000001   ............5.?.

Instructions: (pc=0x00007fff5dc326c4)
  0x00007fff5dc325c4:   cc cc cc cc cc cc cc cc cc cc cc cc cc cc cc cc
  0x00007fff5dc325d4:   cc cc cc cc cc cc cc cc cc cc cc cc cc cc cc cc
  0x00007fff5dc325e4:   cc cc cc cc cc cc cc cc cc cc cc cc cc cc cc cc
  0x00007fff5dc325f4:   cc cc cc cc cc cc cc cc cc cc cc cc cc cc cc cc
  0x00007fff5dc32604:   cc cc cc cc cc cc cc cc cc cc cc cc cc cc cc cc
  0x00007fff5dc32614:   cc cc cc cc cc cc cc cc cc cc cc cc cc cc cc cc
  0x00007fff5dc32624:   cc cc cc cc cc cc cc cc cc cc cc cc cc cc cc cc
  0x00007fff5dc32634:   cc cc cc cc cc cc cc cc cc cc cc cc cc cc cc cc
  0x00007fff5dc32644:   cc cc cc cc cc cc cc cc cc cc cc cc 40 57 48 83
  0x00007fff5dc32654:   ec 20 48 8b f9 48 8b 0d 10 28 14 00 48 85 c9 74
  0x00007fff5dc32664:   20 48 8b 01 48 8d 54 24 38 41 b8 06 00 01 00 4c
  0x00007fff5dc32674:   8b 48 30 41 ff d1 85 c0 75 07 48 8b 4c 24 38 eb
  0x00007fff5dc32684:   02 33 c9 4c 8b 05 ea 28 14 00 48 89 5c 24 30 4d
  0x00007fff5dc32694:   85 c0 74 4a 48 8b 01 48 8b d7 4c 8b 88 28 03 00
  0x00007fff5dc326a4:   00 41 ff d1 48 85 c0 74 35 48 63 0d f8 e6 13 00
  0x00007fff5dc326b4:   48 8b 14 01 48 85 d2 74 15 48 63 05 fc e6 13 00
=>0x00007fff5dc326c4:   8b 04 10 48 8b 5c 24 30 48 83 c4 20 5f c3 b8 ff
  0x00007fff5dc326d4:   ff ff ff 48 8b 5c 24 30 48 83 c4 20 5f c3 80 3d
  0x00007fff5dc326e4:   9b 27 14 00 00 bb ff ff ff ff 74 20 4c 8b 0d 31
  0x00007fff5dc326f4:   24 14 00 4c 8d 44 24 38 48 8b 0d 15 24 14 00 48
  0x00007fff5dc32704:   8b d7 41 ff d1 85 c0 0f 44 5c 24 38 8b c3 48 8b
  0x00007fff5dc32714:   5c 24 30 48 83 c4 20 5f c3 cc cc cc cc cc cc cc
  0x00007fff5dc32724:   cc cc cc cc cc cc cc cc cc cc cc cc cc cc cc cc
  0x00007fff5dc32734:   cc cc cc cc cc cc cc cc cc cc cc cc cc cc cc cc
  0x00007fff5dc32744:   cc cc cc cc cc cc cc cc cc cc cc cc 48 89 54 24
  0x00007fff5dc32754:   10 53 55 56 57 41 56 41 57 48 83 ec 28 48 8b f2
  0x00007fff5dc32764:   4c 8b f1 48 89 4c 24 78 45 33 ff 44 89 7c 24 68
  0x00007fff5dc32774:   c7 44 24 60 01 00 00 00 48 8d 4c 24 68 e8 ed 42
  0x00007fff5dc32784:   f7 ff 8b d8 48 8d 4c 24 60 e8 e1 42 f7 ff 8b e8
  0x00007fff5dc32794:   49 8b ce e8 00 fc f6 ff 48 8b f8 90 8b c3 f0 0f
  0x00007fff5dc327a4:   b1 2f 74 04 f3 90 eb f4 4c 89 3e 4c 89 7e 08 4c
  0x00007fff5dc327b4:   89 7e 10 49 8b 6e 08 4d 8b 76 10 49 3b ee 0f 84


Stack slot to memory mapping:

stack at sp + 0 slots: 0x000000bb45cfed50 is pointing into the stack for thread: 0x0000029210869ec0
stack at sp + 1 slots: 0x000002926a11d348 points into unknown readable memory: 0x0000000711801ed8 | d8 1e 80 11 07 00 00 00
stack at sp + 2 slots: 0x0 is null
stack at sp + 3 slots: 0x000002921091db30 points into unknown readable memory: 0x6e616c2e6176616a | 6a 61 76 61 2e 6c 61 6e
stack at sp + 4 slots: 0x000000000000001b is an unknown value
stack at sp + 5 slots: 0x00007fff5dc32b9b libasyncProfiler.dll
stack at sp + 6 slots: 0x0 is null
stack at sp + 7 slots: 0x000002921086a288 points into unknown readable memory: 0x00007fff619c17b0 | b0 17 9c 61 ff 7f 00 00

Lock stack of current Java thread (top to bottom):


---------------  P R O C E S S  ---------------

Threads class SMR info:
_java_thread_list=0x000002926bc7ca00, length=19, elements={
0x0000029210869ec0, 0x000002922493a8f0, 0x000002922493d140, 0x000002922493fb40,
0x0000029224942900, 0x0000029224944b10, 0x0000029224945640, 0x0000029224955280,
0x0000029224a3c4b0, 0x0000029224a3d570, 0x0000029224a93ad0, 0x000002926a114c90,
0x000002926a61d340, 0x000002926bb60b90, 0x000002926bc3beb0, 0x000002926bc89ee0,
0x000002926bc94270, 0x000002926bcda890, 0x000002926bcdb660
}

Java Threads: ( => current thread )
=>0x0000029210869ec0 JavaThread "main"                              [_thread_in_native, id=12788, stack(0x000000bb45c00000,0x000000bb45d00000) (1024K)]
  0x000002922493a8f0 JavaThread "Reference Handler"          daemon [_thread_blocked, id=18672, stack(0x000000bb46400000,0x000000bb46500000) (1024K)]
  0x000002922493d140 JavaThread "Finalizer"                  daemon [_thread_blocked, id=16584, stack(0x000000bb46500000,0x000000bb46600000) (1024K)]
  0x000002922493fb40 JavaThread "Signal Dispatcher"          daemon [_thread_blocked, id=23016, stack(0x000000bb46600000,0x000000bb46700000) (1024K)]
  0x0000029224942900 JavaThread "Attach Listener"            daemon [_thread_blocked, id=24552, stack(0x000000bb46700000,0x000000bb46800000) (1024K)]
  0x0000029224944b10 JavaThread "Service Thread"             daemon [_thread_blocked, id=12936, stack(0x000000bb46800000,0x000000bb46900000) (1024K)]
  0x0000029224945640 JavaThread "Monitor Deflation Thread"   daemon [_thread_blocked, id=9868, stack(0x000000bb46900000,0x000000bb46a00000) (1024K)]
  0x0000029224955280 JavaThread "C1 CompilerThread0"         daemon [_thread_blocked, id=7040, stack(0x000000bb46a00000,0x000000bb46b00000) (1024K)]
  0x0000029224a3c4b0 JavaThread "C1 CompilerThread1"         daemon [_thread_blocked, id=21800, stack(0x000000bb46b00000,0x000000bb46c00000) (1024K)]
  0x0000029224a3d570 JavaThread "C1 CompilerThread2"         daemon [_thread_blocked, id=24044, stack(0x000000bb46c00000,0x000000bb46d00000) (1024K)]
  0x0000029224a93ad0 JavaThread "Common-Cleaner"             daemon [_thread_blocked, id=23252, stack(0x000000bb46d00000,0x000000bb46e00000) (1024K)]
  0x000002926a114c90 JavaThread "Monitor Ctrl-Break"         daemon [_thread_in_native, id=18904, stack(0x000000bb46e00000,0x000000bb46f00000) (1024K)]
  0x000002926a61d340 JavaThread "JFR Recorder Thread"        daemon [_thread_in_native, id=6976, stack(0x000000bb46f00000,0x000000bb47000000) (1024K)]
  0x000002926bb60b90 JavaThread "C1 CompilerThread3"         daemon [_thread_blocked, id=14160, stack(0x000000bb47000000,0x000000bb47100000) (1024K)]
  0x000002926bc3beb0 JavaThread "JFR Periodic Tasks"         daemon [_thread_blocked, id=14880, stack(0x000000bb47100000,0x000000bb47200000) (1024K)]
  0x000002926bc89ee0 JavaThread "RMI TCP Accept-0"           daemon [_thread_in_native, id=20160, stack(0x000000bb47200000,0x000000bb47300000) (1024K)]
  0x000002926bc94270 JavaThread "RMI TCP Connection(1)-192.168.113.48" daemon [_thread_in_native, id=18876, stack(0x000000bb47300000,0x000000bb47400000) (1024K)]
  0x000002926bcda890 JavaThread "RMI Scheduler(0)"           daemon [_thread_blocked, id=1276, stack(0x000000bb47400000,0x000000bb47500000) (1024K)]
  0x000002926bcdb660 JavaThread "JMX server connection timeout 33" daemon [_thread_blocked, id=24080, stack(0x000000bb47500000,0x000000bb47600000) (1024K)]
Total: 19

Other Threads:
  0x0000029210586340 VMThread "VM Thread"                           [id=5248, stack(0x000000bb46300000,0x000000bb46400000) (1024K)]
  0x000002921056a7c0 WatcherThread "VM Periodic Task Thread"        [id=6312, stack(0x000000bb46200000,0x000000bb46300000) (1024K)]
  0x000002921045bd30 WorkerThread "GC Thread#0"                     [id=10284, stack(0x000000bb45d00000,0x000000bb45e00000) (1024K)]
  0x00000292104ae010 ConcurrentGCThread "G1 Main Marker"            [id=12928, stack(0x000000bb45e00000,0x000000bb45f00000) (1024K)]
  0x00000292104b05b0 WorkerThread "G1 Conc#0"                       [id=22420, stack(0x000000bb45f00000,0x000000bb46000000) (1024K)]
  0x0000029210559210 ConcurrentGCThread "G1 Refine#0"               [id=9812, stack(0x000000bb46000000,0x000000bb46100000) (1024K)]
  0x000002921055ab50 ConcurrentGCThread "G1 Service"                [id=19132, stack(0x000000bb46100000,0x000000bb46200000) (1024K)]
Total: 7

Threads with active compile tasks:
Total: 0

VM state: not at safepoint (normal execution)

VM Mutex/Monitor currently owned by a thread: None

Heap address: 0x0000000701a00000, size: 4070 MB, Compressed Oops mode: Zero based, Oop shift amount: 3

CDS archive(s) mapped at: [0x0000029225000000-0x0000029225d40000-0x0000029225d40000), size 13893632, SharedBaseAddress: 0x0000029225000000, ArchiveRelocationMode: 1.
Compressed class space mapped at: 0x0000029226000000-0x0000029266000000, reserved size: 1073741824
UseCompressedClassPointers 1, UseCompactObjectHeaders 0
Narrow klass pointer bits 32, Max shift 3
Narrow klass base: 0x0000029225000000, Narrow klass shift: 0
Encoding Range: [0x0000029225000000 - 0x0000029325000000), (4294967296 bytes)
Klass Range:    [0x0000029225000000 - 0x0000029266000000), (1090519040 bytes)
Klass ID Range:  [8 - 1090519033) (1090519025)

GC Precious Log:
 CardTable entry size: 512
 Card Set container configuration: InlinePtr #cards 4 size 8 Array Of Cards #cards 16 size 48 Howl #buckets 8 coarsen threshold 3686 Howl Bitmap #cards 512 size 80 coarsen threshold 460 Card regions per heap region 1 cards per card region 4096
 CPUs: 8 total, 8 available
 Memory: 16275M
 Large Page Support: Disabled
 NUMA Support: Disabled
 Compressed Oops: Enabled (Zero based)
 Heap Region Size: 2M
 Heap Min Capacity: 8M
 Heap Initial Capacity: 256M
 Heap Max Capacity: 4070M
 Pre-touch: Disabled
 Parallel Workers: 8
 Concurrent Workers: 2
 Concurrent Refinement Workers: 8
 Periodic GC: Disabled

Heap:
 garbage-first heap   total reserved 4167680K, committed 264192K, used 33904K [0x0000000701a00000, 0x0000000800000000)
  region size 2048K, 18 young (36864K), 0 survivors (0K)
 Metaspace       used 6531K, committed 6720K, reserved 1114112K
  class space    used 713K, committed 832K, reserved 1048576K

Heap Regions: E=young(eden), S=young(survivor), O=old, HS=humongous(starts), HC=humongous(continues), CS=collection set, F=free, TAMS=top-at-mark-start, PB=parsable bottom
|   0|0x0000000701a00000, 0x0000000701a00000, 0x0000000701c00000|  0%| F|  |TAMS 0x0000000701a00000| PB 0x0000000701a00000| Untracked |  0
|   1|0x0000000701c00000, 0x0000000701c00000, 0x0000000701e00000|  0%| F|  |TAMS 0x0000000701c00000| PB 0x0000000701c00000| Untracked |  0
|   2|0x0000000701e00000, 0x0000000701e00000, 0x0000000702000000|  0%| F|  |TAMS 0x0000000701e00000| PB 0x0000000701e00000| Untracked |  0
|   3|0x0000000702000000, 0x0000000702000000, 0x0000000702200000|  0%| F|  |TAMS 0x0000000702000000| PB 0x0000000702000000| Untracked |  0
|   4|0x0000000702200000, 0x0000000702200000, 0x0000000702400000|  0%| F|  |TAMS 0x0000000702200000| PB 0x0000000702200000| Untracked |  0
|   5|0x0000000702400000, 0x0000000702400000, 0x0000000702600000|  0%| F|  |TAMS 0x0000000702400000| PB 0x0000000702400000| Untracked |  0
|   6|0x0000000702600000, 0x0000000702600000, 0x0000000702800000|  0%| F|  |TAMS 0x0000000702600000| PB 0x0000000702600000| Untracked |  0
|   7|0x0000000702800000, 0x0000000702800000, 0x0000000702a00000|  0%| F|  |TAMS 0x0000000702800000| PB 0x0000000702800000| Untracked |  0
|   8|0x0000000702a00000, 0x0000000702a00000, 0x0000000702c00000|  0%| F|  |TAMS 0x0000000702a00000| PB 0x0000000702a00000| Untracked |  0
|   9|0x0000000702c00000, 0x0000000702c00000, 0x0000000702e00000|  0%| F|  |TAMS 0x0000000702c00000| PB 0x0000000702c00000| Untracked |  0
|  10|0x0000000702e00000, 0x0000000702e00000, 0x0000000703000000|  0%| F|  |TAMS 0x0000000702e00000| PB 0x0000000702e00000| Untracked |  0
|  11|0x0000000703000000, 0x0000000703000000, 0x0000000703200000|  0%| F|  |TAMS 0x0000000703000000| PB 0x0000000703000000| Untracked |  0
|  12|0x0000000703200000, 0x0000000703200000, 0x0000000703400000|  0%| F|  |TAMS 0x0000000703200000| PB 0x0000000703200000| Untracked |  0
|  13|0x0000000703400000, 0x0000000703400000, 0x0000000703600000|  0%| F|  |TAMS 0x0000000703400000| PB 0x0000000703400000| Untracked |  0
|  14|0x0000000703600000, 0x0000000703600000, 0x0000000703800000|  0%| F|  |TAMS 0x0000000703600000| PB 0x0000000703600000| Untracked |  0
|  15|0x0000000703800000, 0x0000000703800000, 0x0000000703a00000|  0%| F|  |TAMS 0x0000000703800000| PB 0x0000000703800000| Untracked |  0
|  16|0x0000000703a00000, 0x0000000703a00000, 0x0000000703c00000|  0%| F|  |TAMS 0x0000000703a00000| PB 0x0000000703a00000| Untracked |  0
|  17|0x0000000703c00000, 0x0000000703c00000, 0x0000000703e00000|  0%| F|  |TAMS 0x0000000703c00000| PB 0x0000000703c00000| Untracked |  0
|  18|0x0000000703e00000, 0x0000000703e00000, 0x0000000704000000|  0%| F|  |TAMS 0x0000000703e00000| PB 0x0000000703e00000| Untracked |  0
|  19|0x0000000704000000, 0x0000000704000000, 0x0000000704200000|  0%| F|  |TAMS 0x0000000704000000| PB 0x0000000704000000| Untracked |  0
|  20|0x0000000704200000, 0x0000000704200000, 0x0000000704400000|  0%| F|  |TAMS 0x0000000704200000| PB 0x0000000704200000| Untracked |  0
|  21|0x0000000704400000, 0x0000000704400000, 0x0000000704600000|  0%| F|  |TAMS 0x0000000704400000| PB 0x0000000704400000| Untracked |  0
|  22|0x0000000704600000, 0x0000000704600000, 0x0000000704800000|  0%| F|  |TAMS 0x0000000704600000| PB 0x0000000704600000| Untracked |  0
|  23|0x0000000704800000, 0x0000000704800000, 0x0000000704a00000|  0%| F|  |TAMS 0x0000000704800000| PB 0x0000000704800000| Untracked |  0
|  24|0x0000000704a00000, 0x0000000704a00000, 0x0000000704c00000|  0%| F|  |TAMS 0x0000000704a00000| PB 0x0000000704a00000| Untracked |  0
|  25|0x0000000704c00000, 0x0000000704c00000, 0x0000000704e00000|  0%| F|  |TAMS 0x0000000704c00000| PB 0x0000000704c00000| Untracked |  0
|  26|0x0000000704e00000, 0x0000000704e00000, 0x0000000705000000|  0%| F|  |TAMS 0x0000000704e00000| PB 0x0000000704e00000| Untracked |  0
|  27|0x0000000705000000, 0x0000000705000000, 0x0000000705200000|  0%| F|  |TAMS 0x0000000705000000| PB 0x0000000705000000| Untracked |  0
|  28|0x0000000705200000, 0x0000000705200000, 0x0000000705400000|  0%| F|  |TAMS 0x0000000705200000| PB 0x0000000705200000| Untracked |  0
|  29|0x0000000705400000, 0x0000000705400000, 0x0000000705600000|  0%| F|  |TAMS 0x0000000705400000| PB 0x0000000705400000| Untracked |  0
|  30|0x0000000705600000, 0x0000000705600000, 0x0000000705800000|  0%| F|  |TAMS 0x0000000705600000| PB 0x0000000705600000| Untracked |  0
|  31|0x0000000705800000, 0x0000000705800000, 0x0000000705a00000|  0%| F|  |TAMS 0x0000000705800000| PB 0x0000000705800000| Untracked |  0
|  32|0x0000000705a00000, 0x0000000705a00000, 0x0000000705c00000|  0%| F|  |TAMS 0x0000000705a00000| PB 0x0000000705a00000| Untracked |  0
|  33|0x0000000705c00000, 0x0000000705c00000, 0x0000000705e00000|  0%| F|  |TAMS 0x0000000705c00000| PB 0x0000000705c00000| Untracked |  0
|  34|0x0000000705e00000, 0x0000000705e00000, 0x0000000706000000|  0%| F|  |TAMS 0x0000000705e00000| PB 0x0000000705e00000| Untracked |  0
|  35|0x0000000706000000, 0x0000000706000000, 0x0000000706200000|  0%| F|  |TAMS 0x0000000706000000| PB 0x0000000706000000| Untracked |  0
|  36|0x0000000706200000, 0x0000000706200000, 0x0000000706400000|  0%| F|  |TAMS 0x0000000706200000| PB 0x0000000706200000| Untracked |  0
|  37|0x0000000706400000, 0x0000000706400000, 0x0000000706600000|  0%| F|  |TAMS 0x0000000706400000| PB 0x0000000706400000| Untracked |  0
|  38|0x0000000706600000, 0x0000000706600000, 0x0000000706800000|  0%| F|  |TAMS 0x0000000706600000| PB 0x0000000706600000| Untracked |  0
|  39|0x0000000706800000, 0x0000000706800000, 0x0000000706a00000|  0%| F|  |TAMS 0x0000000706800000| PB 0x0000000706800000| Untracked |  0
|  40|0x0000000706a00000, 0x0000000706a00000, 0x0000000706c00000|  0%| F|  |TAMS 0x0000000706a00000| PB 0x0000000706a00000| Untracked |  0
|  41|0x0000000706c00000, 0x0000000706c00000, 0x0000000706e00000|  0%| F|  |TAMS 0x0000000706c00000| PB 0x0000000706c00000| Untracked |  0
|  42|0x0000000706e00000, 0x0000000706e00000, 0x0000000707000000|  0%| F|  |TAMS 0x0000000706e00000| PB 0x0000000706e00000| Untracked |  0
|  43|0x0000000707000000, 0x0000000707000000, 0x0000000707200000|  0%| F|  |TAMS 0x0000000707000000| PB 0x0000000707000000| Untracked |  0
|  44|0x0000000707200000, 0x0000000707200000, 0x0000000707400000|  0%| F|  |TAMS 0x0000000707200000| PB 0x0000000707200000| Untracked |  0
|  45|0x0000000707400000, 0x0000000707400000, 0x0000000707600000|  0%| F|  |TAMS 0x0000000707400000| PB 0x0000000707400000| Untracked |  0
|  46|0x0000000707600000, 0x0000000707600000, 0x0000000707800000|  0%| F|  |TAMS 0x0000000707600000| PB 0x0000000707600000| Untracked |  0
|  47|0x0000000707800000, 0x0000000707800000, 0x0000000707a00000|  0%| F|  |TAMS 0x0000000707800000| PB 0x0000000707800000| Untracked |  0
|  48|0x0000000707a00000, 0x0000000707a00000, 0x0000000707c00000|  0%| F|  |TAMS 0x0000000707a00000| PB 0x0000000707a00000| Untracked |  0
|  49|0x0000000707c00000, 0x0000000707c00000, 0x0000000707e00000|  0%| F|  |TAMS 0x0000000707c00000| PB 0x0000000707c00000| Untracked |  0
|  50|0x0000000707e00000, 0x0000000707e00000, 0x0000000708000000|  0%| F|  |TAMS 0x0000000707e00000| PB 0x0000000707e00000| Untracked |  0
|  51|0x0000000708000000, 0x0000000708000000, 0x0000000708200000|  0%| F|  |TAMS 0x0000000708000000| PB 0x0000000708000000| Untracked |  0
|  52|0x0000000708200000, 0x0000000708200000, 0x0000000708400000|  0%| F|  |TAMS 0x0000000708200000| PB 0x0000000708200000| Untracked |  0
|  53|0x0000000708400000, 0x0000000708400000, 0x0000000708600000|  0%| F|  |TAMS 0x0000000708400000| PB 0x0000000708400000| Untracked |  0
|  54|0x0000000708600000, 0x0000000708600000, 0x0000000708800000|  0%| F|  |TAMS 0x0000000708600000| PB 0x0000000708600000| Untracked |  0
|  55|0x0000000708800000, 0x0000000708800000, 0x0000000708a00000|  0%| F|  |TAMS 0x0000000708800000| PB 0x0000000708800000| Untracked |  0
|  56|0x0000000708a00000, 0x0000000708a00000, 0x0000000708c00000|  0%| F|  |TAMS 0x0000000708a00000| PB 0x0000000708a00000| Untracked |  0
|  57|0x0000000708c00000, 0x0000000708c00000, 0x0000000708e00000|  0%| F|  |TAMS 0x0000000708c00000| PB 0x0000000708c00000| Untracked |  0
|  58|0x0000000708e00000, 0x0000000708e00000, 0x0000000709000000|  0%| F|  |TAMS 0x0000000708e00000| PB 0x0000000708e00000| Untracked |  0
|  59|0x0000000709000000, 0x0000000709000000, 0x0000000709200000|  0%| F|  |TAMS 0x0000000709000000| PB 0x0000000709000000| Untracked |  0
|  60|0x0000000709200000, 0x0000000709200000, 0x0000000709400000|  0%| F|  |TAMS 0x0000000709200000| PB 0x0000000709200000| Untracked |  0
|  61|0x0000000709400000, 0x0000000709400000, 0x0000000709600000|  0%| F|  |TAMS 0x0000000709400000| PB 0x0000000709400000| Untracked |  0
|  62|0x0000000709600000, 0x0000000709600000, 0x0000000709800000|  0%| F|  |TAMS 0x0000000709600000| PB 0x0000000709600000| Untracked |  0
|  63|0x0000000709800000, 0x0000000709800000, 0x0000000709a00000|  0%| F|  |TAMS 0x0000000709800000| PB 0x0000000709800000| Untracked |  0
|  64|0x0000000709a00000, 0x0000000709a00000, 0x0000000709c00000|  0%| F|  |TAMS 0x0000000709a00000| PB 0x0000000709a00000| Untracked |  0
|  65|0x0000000709c00000, 0x0000000709c00000, 0x0000000709e00000|  0%| F|  |TAMS 0x0000000709c00000| PB 0x0000000709c00000| Untracked |  0
|  66|0x0000000709e00000, 0x0000000709e00000, 0x000000070a000000|  0%| F|  |TAMS 0x0000000709e00000| PB 0x0000000709e00000| Untracked |  0
|  67|0x000000070a000000, 0x000000070a000000, 0x000000070a200000|  0%| F|  |TAMS 0x000000070a000000| PB 0x000000070a000000| Untracked |  0
|  68|0x000000070a200000, 0x000000070a200000, 0x000000070a400000|  0%| F|  |TAMS 0x000000070a200000| PB 0x000000070a200000| Untracked |  0
|  69|0x000000070a400000, 0x000000070a400000, 0x000000070a600000|  0%| F|  |TAMS 0x000000070a400000| PB 0x000000070a400000| Untracked |  0
|  70|0x000000070a600000, 0x000000070a600000, 0x000000070a800000|  0%| F|  |TAMS 0x000000070a600000| PB 0x000000070a600000| Untracked |  0
|  71|0x000000070a800000, 0x000000070a800000, 0x000000070aa00000|  0%| F|  |TAMS 0x000000070a800000| PB 0x000000070a800000| Untracked |  0
|  72|0x000000070aa00000, 0x000000070aa00000, 0x000000070ac00000|  0%| F|  |TAMS 0x000000070aa00000| PB 0x000000070aa00000| Untracked |  0
|  73|0x000000070ac00000, 0x000000070ac00000, 0x000000070ae00000|  0%| F|  |TAMS 0x000000070ac00000| PB 0x000000070ac00000| Untracked |  0
|  74|0x000000070ae00000, 0x000000070ae00000, 0x000000070b000000|  0%| F|  |TAMS 0x000000070ae00000| PB 0x000000070ae00000| Untracked |  0
|  75|0x000000070b000000, 0x000000070b000000, 0x000000070b200000|  0%| F|  |TAMS 0x000000070b000000| PB 0x000000070b000000| Untracked |  0
|  76|0x000000070b200000, 0x000000070b200000, 0x000000070b400000|  0%| F|  |TAMS 0x000000070b200000| PB 0x000000070b200000| Untracked |  0
|  77|0x000000070b400000, 0x000000070b400000, 0x000000070b600000|  0%| F|  |TAMS 0x000000070b400000| PB 0x000000070b400000| Untracked |  0
|  78|0x000000070b600000, 0x000000070b600000, 0x000000070b800000|  0%| F|  |TAMS 0x000000070b600000| PB 0x000000070b600000| Untracked |  0
|  79|0x000000070b800000, 0x000000070b800000, 0x000000070ba00000|  0%| F|  |TAMS 0x000000070b800000| PB 0x000000070b800000| Untracked |  0
|  80|0x000000070ba00000, 0x000000070ba00000, 0x000000070bc00000|  0%| F|  |TAMS 0x000000070ba00000| PB 0x000000070ba00000| Untracked |  0
|  81|0x000000070bc00000, 0x000000070bc00000, 0x000000070be00000|  0%| F|  |TAMS 0x000000070bc00000| PB 0x000000070bc00000| Untracked |  0
|  82|0x000000070be00000, 0x000000070be00000, 0x000000070c000000|  0%| F|  |TAMS 0x000000070be00000| PB 0x000000070be00000| Untracked |  0
|  83|0x000000070c000000, 0x000000070c000000, 0x000000070c200000|  0%| F|  |TAMS 0x000000070c000000| PB 0x000000070c000000| Untracked |  0
|  84|0x000000070c200000, 0x000000070c200000, 0x000000070c400000|  0%| F|  |TAMS 0x000000070c200000| PB 0x000000070c200000| Untracked |  0
|  85|0x000000070c400000, 0x000000070c400000, 0x000000070c600000|  0%| F|  |TAMS 0x000000070c400000| PB 0x000000070c400000| Untracked |  0
|  86|0x000000070c600000, 0x000000070c600000, 0x000000070c800000|  0%| F|  |TAMS 0x000000070c600000| PB 0x000000070c600000| Untracked |  0
|  87|0x000000070c800000, 0x000000070c800000, 0x000000070ca00000|  0%| F|  |TAMS 0x000000070c800000| PB 0x000000070c800000| Untracked |  0
|  88|0x000000070ca00000, 0x000000070ca00000, 0x000000070cc00000|  0%| F|  |TAMS 0x000000070ca00000| PB 0x000000070ca00000| Untracked |  0
|  89|0x000000070cc00000, 0x000000070cc00000, 0x000000070ce00000|  0%| F|  |TAMS 0x000000070cc00000| PB 0x000000070cc00000| Untracked |  0
|  90|0x000000070ce00000, 0x000000070ce00000, 0x000000070d000000|  0%| F|  |TAMS 0x000000070ce00000| PB 0x000000070ce00000| Untracked |  0
|  91|0x000000070d000000, 0x000000070d000000, 0x000000070d200000|  0%| F|  |TAMS 0x000000070d000000| PB 0x000000070d000000| Untracked |  0
|  92|0x000000070d200000, 0x000000070d200000, 0x000000070d400000|  0%| F|  |TAMS 0x000000070d200000| PB 0x000000070d200000| Untracked |  0
|  93|0x000000070d400000, 0x000000070d400000, 0x000000070d600000|  0%| F|  |TAMS 0x000000070d400000| PB 0x000000070d400000| Untracked |  0
|  94|0x000000070d600000, 0x000000070d600000, 0x000000070d800000|  0%| F|  |TAMS 0x000000070d600000| PB 0x000000070d600000| Untracked |  0
|  95|0x000000070d800000, 0x000000070d800000, 0x000000070da00000|  0%| F|  |TAMS 0x000000070d800000| PB 0x000000070d800000| Untracked |  0
|  96|0x000000070da00000, 0x000000070da00000, 0x000000070dc00000|  0%| F|  |TAMS 0x000000070da00000| PB 0x000000070da00000| Untracked |  0
|  97|0x000000070dc00000, 0x000000070dc00000, 0x000000070de00000|  0%| F|  |TAMS 0x000000070dc00000| PB 0x000000070dc00000| Untracked |  0
|  98|0x000000070de00000, 0x000000070de00000, 0x000000070e000000|  0%| F|  |TAMS 0x000000070de00000| PB 0x000000070de00000| Untracked |  0
|  99|0x000000070e000000, 0x000000070e000000, 0x000000070e200000|  0%| F|  |TAMS 0x000000070e000000| PB 0x000000070e000000| Untracked |  0
| 100|0x000000070e200000, 0x000000070e200000, 0x000000070e400000|  0%| F|  |TAMS 0x000000070e200000| PB 0x000000070e200000| Untracked |  0
| 101|0x000000070e400000, 0x000000070e400000, 0x000000070e600000|  0%| F|  |TAMS 0x000000070e400000| PB 0x000000070e400000| Untracked |  0
| 102|0x000000070e600000, 0x000000070e600000, 0x000000070e800000|  0%| F|  |TAMS 0x000000070e600000| PB 0x000000070e600000| Untracked |  0
| 103|0x000000070e800000, 0x000000070e800000, 0x000000070ea00000|  0%| F|  |TAMS 0x000000070e800000| PB 0x000000070e800000| Untracked |  0
| 104|0x000000070ea00000, 0x000000070ea00000, 0x000000070ec00000|  0%| F|  |TAMS 0x000000070ea00000| PB 0x000000070ea00000| Untracked |  0
| 105|0x000000070ec00000, 0x000000070ec00000, 0x000000070ee00000|  0%| F|  |TAMS 0x000000070ec00000| PB 0x000000070ec00000| Untracked |  0
| 106|0x000000070ee00000, 0x000000070ee00000, 0x000000070f000000|  0%| F|  |TAMS 0x000000070ee00000| PB 0x000000070ee00000| Untracked |  0
| 107|0x000000070f000000, 0x000000070f000000, 0x000000070f200000|  0%| F|  |TAMS 0x000000070f000000| PB 0x000000070f000000| Untracked |  0
| 108|0x000000070f200000, 0x000000070f200000, 0x000000070f400000|  0%| F|  |TAMS 0x000000070f200000| PB 0x000000070f200000| Untracked |  0
| 109|0x000000070f400000, 0x000000070f400000, 0x000000070f600000|  0%| F|  |TAMS 0x000000070f400000| PB 0x000000070f400000| Untracked |  0
| 110|0x000000070f600000, 0x000000070f7ef878, 0x000000070f800000| 96%| E|  |TAMS 0x000000070f600000| PB 0x000000070f600000| Complete |  0
| 111|0x000000070f800000, 0x000000070fa00000, 0x000000070fa00000|100%| E|CS|TAMS 0x000000070f800000| PB 0x000000070f800000| Complete |  0
| 112|0x000000070fa00000, 0x000000070fc00000, 0x000000070fc00000|100%| E|CS|TAMS 0x000000070fa00000| PB 0x000000070fa00000| Complete |  0
| 113|0x000000070fc00000, 0x000000070fe00000, 0x000000070fe00000|100%| E|CS|TAMS 0x000000070fc00000| PB 0x000000070fc00000| Complete |  0
| 114|0x000000070fe00000, 0x0000000710000000, 0x0000000710000000|100%| E|CS|TAMS 0x000000070fe00000| PB 0x000000070fe00000| Complete |  0
| 115|0x0000000710000000, 0x0000000710200000, 0x0000000710200000|100%| E|CS|TAMS 0x0000000710000000| PB 0x0000000710000000| Complete |  0
| 116|0x0000000710200000, 0x0000000710400000, 0x0000000710400000|100%| E|CS|TAMS 0x0000000710200000| PB 0x0000000710200000| Complete |  0
| 117|0x0000000710400000, 0x0000000710600000, 0x0000000710600000|100%| E|CS|TAMS 0x0000000710400000| PB 0x0000000710400000| Complete |  0
| 118|0x0000000710600000, 0x0000000710800000, 0x0000000710800000|100%| E|CS|TAMS 0x0000000710600000| PB 0x0000000710600000| Complete |  0
| 119|0x0000000710800000, 0x0000000710a00000, 0x0000000710a00000|100%| E|CS|TAMS 0x0000000710800000| PB 0x0000000710800000| Complete |  0
| 120|0x0000000710a00000, 0x0000000710c00000, 0x0000000710c00000|100%| E|CS|TAMS 0x0000000710a00000| PB 0x0000000710a00000| Complete |  0
| 121|0x0000000710c00000, 0x0000000710e00000, 0x0000000710e00000|100%| E|CS|TAMS 0x0000000710c00000| PB 0x0000000710c00000| Complete |  0
| 122|0x0000000710e00000, 0x0000000711000000, 0x0000000711000000|100%| E|CS|TAMS 0x0000000710e00000| PB 0x0000000710e00000| Complete |  0
| 123|0x0000000711000000, 0x0000000711200000, 0x0000000711200000|100%| E|CS|TAMS 0x0000000711000000| PB 0x0000000711000000| Complete |  0
| 124|0x0000000711200000, 0x0000000711400000, 0x0000000711400000|100%| E|CS|TAMS 0x0000000711200000| PB 0x0000000711200000| Complete |  0
| 125|0x0000000711400000, 0x0000000711600000, 0x0000000711600000|100%| E|  |TAMS 0x0000000711400000| PB 0x0000000711400000| Complete |  0
| 126|0x0000000711600000, 0x0000000711800000, 0x0000000711800000|100%| E|CS|TAMS 0x0000000711600000| PB 0x0000000711600000| Complete |  0
| 127|0x0000000711800000, 0x0000000711a00000, 0x0000000711a00000|100%| E|CS|TAMS 0x0000000711800000| PB 0x0000000711800000| Complete |  0
|2034|0x00000007ffe00000, 0x00000007fff1c288, 0x0000000800000000| 55%| O|  |TAMS 0x00000007ffe00000| PB 0x00000007ffe00000| Untracked |  0

Card table byte_map: [0x000002921d760000,0x000002921df60000] _byte_map_base: 0x0000029219f53000

Marking Bits: (CMBitMap*) 0x000002921045e360
 Bits: [0x000002921df60000, 0x0000029221ef8000)

Polling page: 0x000002920ffe0000

Metaspace:

Usage:
  Non-class:      5.68 MB used.
      Class:    713.04 KB used.
       Both:      6.38 MB used.

Virtual space:
  Non-class space:       64.00 MB reserved,       5.75 MB (  9%) committed,  1 nodes.
      Class space:        1.00 GB reserved,     832.00 KB ( <1%) committed,  1 nodes.
             Both:        1.06 GB reserved,       6.56 MB ( <1%) committed. 

Chunk freelists:
   Non-Class:  10.06 MB
       Class:  15.20 MB
        Both:  25.26 MB

MaxMetaspaceSize: unlimited
CompressedClassSpaceSize: 1.00 GB
Initial GC threshold: 21.00 MB
Current GC threshold: 21.00 MB
CDS: on
 - commit_granule_bytes: 65536.
 - commit_granule_words: 8192.
 - virtual_space_node_default_size: 8388608.
 - enlarge_chunks_in_place: 1.
UseCompressedClassPointers 1, UseCompactObjectHeaders 0
Narrow klass pointer bits 32, Max shift 3
Narrow klass base: 0x0000029225000000, Narrow klass shift: 0
Encoding Range: [0x0000029225000000 - 0x0000029325000000), (4294967296 bytes)
Klass Range:    [0x0000029225000000 - 0x0000029266000000), (1090519040 bytes)
Klass ID Range:  [8 - 1090519033) (1090519025)


Internal statistics:

num_allocs_failed_limit: 0.
num_arena_births: 176.
num_arena_deaths: 0.
num_vsnodes_births: 2.
num_vsnodes_deaths: 0.
num_space_committed: 105.
num_space_uncommitted: 0.
num_chunks_returned_to_freelist: 0.
num_chunks_taken_from_freelist: 241.
num_chunk_merges: 0.
num_chunk_splits: 135.
num_chunks_enlarged: 37.
num_inconsistent_stats: 0.

CodeCache: size=49152Kb used=4969Kb max_used=4969Kb free=44182Kb
 bounds [0x0000029219900000, 0x0000029219de0000, 0x000002921c900000]
 total_blobs=2346, nmethods=1865, adapters=404, full_count=0
Compilation: enabled, stopped_count=0, restarted_count=0

Compilation events (20 events):
Event: 0.901 Thread 0x0000029224955280 nmethod 1850 0x0000029219dd4308 code [0x0000029219dd4440, 0x0000029219dd4710]
Event: 0.901 Thread 0x000002926bb60b90 nmethod 1844 0x0000029219dd4788 code [0x0000029219dd4920, 0x0000029219dd5220]
Event: 0.901 Thread 0x0000029224955280 1852       1       java.lang.invoke.InvokerBytecodeGenerator::isStaticallyInvocable (168 bytes)
Event: 0.901 Thread 0x0000029224a3c4b0 nmethod 1851 0x0000029219dd5288 code [0x0000029219dd5420, 0x0000029219dd5910]
Event: 0.902 Thread 0x0000029224955280 nmethod 1852 0x0000029219dd5988 code [0x0000029219dd5ba0, 0x0000029219dd61d8]
Event: 0.903 Thread 0x0000029224a3d570 nmethod 1849 0x0000029219dd6288 code [0x0000029219dd64e0, 0x0000029219dd6cc8]
Event: 0.903 Thread 0x0000029224955280 1853       1       jdk.internal.event.ExceptionThrownEvent::enabled (2 bytes)
Event: 0.903 Thread 0x0000029224955280 nmethod 1853 0x0000029219dd6e08 code [0x0000029219dd6f00, 0x0000029219dd6fa8]
Event: 0.907 Thread 0x0000029224a3d570 1854       1       java.lang.invoke.LambdaFormBuffer::ownedCount (7 bytes)
Event: 0.907 Thread 0x0000029224a3d570 nmethod 1854 0x0000029219dd7108 code [0x0000029219dd7200, 0x0000029219dd72c8]
Event: 0.908 Thread 0x000002926bb60b90 1855       1       jdk.internal.classfile.impl.StackMapGenerator$Frame::setLocalRawInternal (41 bytes)
Event: 0.909 Thread 0x000002926bb60b90 nmethod 1855 0x0000029219dd7408 code [0x0000029219dd7540, 0x0000029219dd77c8]
Event: 0.910 Thread 0x0000029224a3c4b0 1857       1       java.lang.invoke.InvokerBytecodeGenerator::methodDesc (45 bytes)
Event: 0.910 Thread 0x0000029224a3d570 1858       1       jdk.internal.classfile.impl.StackMapGenerator$Frame::setLocal (76 bytes)
Event: 0.910 Thread 0x0000029224a3c4b0 nmethod 1857 0x0000029219dd7b08 code [0x0000029219dd7c60, 0x0000029219dd81f0]
Event: 0.911 Thread 0x0000029224a3d570 nmethod 1858 0x0000029219dd8588 code [0x0000029219dd86e0, 0x0000029219dd8910]
Event: 0.911 Thread 0x0000029224955280 1860       1       sun.invoke.util.Wrapper::isDoubleWord (15 bytes)
Event: 0.911 Thread 0x0000029224955280 nmethod 1860 0x0000029219dd8c88 code [0x0000029219dd8d80, 0x0000029219dd8e58]
Event: 0.914 Thread 0x0000029224955280 1865       1       jdk.internal.classfile.impl.AnnotationReader::writeAnnotation (80 bytes)
Event: 0.916 Thread 0x0000029224955280 nmethod 1865 0x0000029219dd9888 code [0x0000029219dd9b00, 0x0000029219dda3c8]

GC Heap History (0 events):
No events

Dll operation events (10 events):
Event: 0.068 Loaded shared library C:\Users\andre\.jdks\openjdk-24.0.1\bin\java.dll
Event: 0.237 Loaded shared library C:\Users\andre\.jdks\openjdk-24.0.1\bin\zip.dll
Event: 0.242 Loaded shared library C:\Users\andre\.jdks\openjdk-24.0.1\bin\instrument.dll
Event: 0.253 Loaded shared library C:\Users\andre\.jdks\openjdk-24.0.1\bin\net.dll
Event: 0.258 Loaded shared library C:\Users\andre\.jdks\openjdk-24.0.1\bin\nio.dll
Event: 0.267 Loaded shared library C:\Users\andre\.jdks\openjdk-24.0.1\bin\zip.dll
Event: 0.349 Loaded shared library C:\Users\andre\.jdks\openjdk-24.0.1\bin\jimage.dll
Event: 0.380 Loaded shared library C:\Users\andre\.jdks\openjdk-24.0.1\bin\extnet.dll
Event: 0.419 Loaded shared library C:\Users\andre\.jdks\openjdk-24.0.1\bin\management.dll
Event: 0.438 Loaded shared library C:\Users\andre\.jdks\openjdk-24.0.1\bin\management_ext.dll

Deoptimization events (0 events):
No events

Classes loaded (20 events):
Event: 0.870 Loading class javax/management/MalformedObjectNameException
Event: 0.871 Loading class javax/management/MalformedObjectNameException done
Event: 0.875 Loading class java/lang/invoke/BoundMethodHandle$Species_LLLL
Event: 0.875 Loading class java/lang/invoke/BoundMethodHandle$Species_LLLL done
Event: 0.877 Loading class java/lang/invoke/BoundMethodHandle$Species_LLLLL
Event: 0.877 Loading class java/lang/invoke/BoundMethodHandle$Species_LLLLL done
Event: 0.882 Loading class java/lang/invoke/BoundMethodHandle$Species_LLLLLL
Event: 0.882 Loading class java/lang/invoke/BoundMethodHandle$Species_LLLLLL done
Event: 0.900 Loading class sun/reflect/misc/MethodUtil
Event: 0.902 Loading class sun/reflect/misc/MethodUtil done
Event: 0.902 Loading class sun/reflect/misc/MethodUtil$1
Event: 0.902 Loading class sun/reflect/misc/MethodUtil$1 done
Event: 0.902 Loading class java/security/AllPermissionCollection
Event: 0.902 Loading class java/security/AllPermissionCollection done
Event: 0.902 Loading class java/security/UnresolvedPermission
Event: 0.903 Loading class java/security/UnresolvedPermission done
Event: 0.904 Loading class java/lang/UnsupportedOperationException
Event: 0.904 Loading class java/lang/UnsupportedOperationException done
Event: 0.904 Loading class java/lang/IllegalAccessException
Event: 0.905 Loading class java/lang/IllegalAccessException done

Classes unloaded (0 events):
No events

Classes redefined (0 events):
No events

Internal exceptions (20 events):
Event: 0.708 Thread 0x0000029224942900 Exception <a 'java/lang/NoSuchMethodError'{0x00000007100756a0}: 'java.lang.Object java.lang.invoke.DirectMethodHandle$Holder.invokeStaticInit(java.lang.Object, int, int, int, int)'> (0x00000007100756a0) 
thrown [s\open\src\hotspot\share\interpreter\linkResolver.cpp, line 805]
Event: 0.711 Thread 0x0000029210869ec0 Exception <a 'sun/nio/fs/WindowsException'{0x000000070ff0b870}> (0x000000070ff0b870) 
thrown [s\open\src\hotspot\share\prims\jni.cpp, line 518]
Event: 0.714 Thread 0x0000029210869ec0 Exception <a 'sun/nio/fs/WindowsException'{0x000000070ff18658}> (0x000000070ff18658) 
thrown [s\open\src\hotspot\share\prims\jni.cpp, line 518]
Event: 0.721 Thread 0x0000029210869ec0 Exception <a 'sun/nio/fs/WindowsException'{0x000000070ff2a418}> (0x000000070ff2a418) 
thrown [s\open\src\hotspot\share\prims\jni.cpp, line 518]
Event: 0.746 Thread 0x0000029224942900 Exception <a 'java/lang/NoSuchMethodError'{0x000000070fa36ac8}: 'java.lang.Object java.lang.invoke.DirectMethodHandle$Holder.invokeStaticInit(java.lang.Object, java.lang.Object, int, int, int, int)'> (0x000000070fa36ac8) 
thrown [s\open\src\hotspot\share\interpreter\linkResolver.cpp, line 805]
Event: 0.771 Thread 0x0000029224942900 Exception <a 'java/lang/ClassNotFoundException'{0x000000070fa4daa0}: javax/management/remote/rmi/RMIServerImpl_Skel> (0x000000070fa4daa0) 
thrown [s\open\src\hotspot\share\classfile\systemDictionary.cpp, line 327]
Event: 0.786 Thread 0x0000029224942900 Exception <a 'java/lang/NoSuchMethodError'{0x000000070fa5f278}: 'long java.lang.invoke.Invokers$Holder.invokeExact_MT(java.lang.Object, java.lang.Object)'> (0x000000070fa5f278) 
thrown [s\open\src\hotspot\share\interpreter\linkResolver.cpp, line 805]
Event: 0.842 Thread 0x000002926bc94270 Exception <a 'java/lang/NoSuchMethodError'{0x000000070f93d720}: static [B.<clinit>()V> (0x000000070f93d720) 
thrown [s\open\src\hotspot\share\prims\jni.cpp, line 1108]
Event: 0.844 Thread 0x000002926bc94270 Exception <a 'java/lang/NoSuchMethodError'{0x000000070f93f118}: 'java.lang.Object java.lang.invoke.DirectMethodHandle$Holder.invokeInterface(java.lang.Object, java.lang.Object, java.lang.Object)'> (0x000000070f93f118) 
thrown [s\open\src\hotspot\share\interpreter\linkResolver.cpp, line 805]
Event: 0.854 Thread 0x000002926bcdb660 Exception <a 'java/lang/NoSuchMethodError'{0x000000070f609ee8}: 'java.lang.Object java.lang.invoke.DirectMethodHandle$Holder.invokeSpecial(java.lang.Object, java.lang.Object, java.lang.Object, java.lang.Object, long)'> (0x000000070f609ee8) 
thrown [s\open\src\hotspot\share\interpreter\linkResolver.cpp, line 805]
Event: 0.857 Thread 0x000002926bc94270 Exception <a 'java/lang/ClassNotFoundException'{0x000000070f9570d8}: javax/management/remote/rmi/RMIConnectionImpl_Skel> (0x000000070f9570d8) 
thrown [s\open\src\hotspot\share\classfile\systemDictionary.cpp, line 327]
Event: 0.858 Thread 0x000002926bcdb660 Exception <a 'java/lang/NoSuchMethodError'{0x000000070f619eb0}: 'java.lang.Object java.lang.invoke.Invokers$Holder.linkToTargetMethod(java.lang.Object, long, java.lang.Object)'> (0x000000070f619eb0) 
thrown [s\open\src\hotspot\share\interpreter\linkResolver.cpp, line 805]
Event: 0.865 Thread 0x000002926bc94270 Exception <a 'java/lang/NoSuchMethodError'{0x000000070f974bc0}: 'java.lang.Object java.lang.invoke.DirectMethodHandle$Holder.invokeInterface(java.lang.Object, java.lang.Object)'> (0x000000070f974bc0) 
thrown [s\open\src\hotspot\share\interpreter\linkResolver.cpp, line 805]
Event: 0.873 Thread 0x000002926bc94270 Exception <a 'java/lang/NoSuchMethodError'{0x000000070f99c780}: 'int java.lang.invoke.DelegatingMethodHandle$Holder.reinvoke_L(java.lang.Object, java.lang.Object, java.lang.Object, java.lang.Object, java.lang.Object)'> (0x000000070f99c780) 
thrown [s\open\src\hotspot\share\interpreter\linkResolver.cpp, line 805]
Event: 0.879 Thread 0x000002926bc94270 Exception <a 'java/lang/NoSuchMethodError'{0x000000070f9dfa38}: 'java.lang.Object java.lang.invoke.DirectMethodHandle$Holder.invokeStatic(java.lang.Object, java.lang.Object, java.lang.Object, java.lang.Object, java.lang.Object, java.lang.Object, java.lang.Object, java.lang.Object)'> (0x000000070f9dfa38) 
thrown [s\open\src\hotspot\share\interpreter\linkResolver.cpp, line 805]
Event: 0.887 Thread 0x000002926bc94270 Exception <a 'java/lang/NoSuchMethodError'{0x000000070f70e300}: 'java.lang.Object java.lang.invoke.DirectMethodHandle$Holder.invokeStatic(java.lang.Object, java.lang.Object, java.lang.Object, java.lang.Object, java.lang.Object, java.lang.Object, java.lang.Object, java.lang.Object, java.lang.Object)'> (0x000000070f70e300) 
thrown [s\open\src\hotspot\share\interpreter\linkResolver.cpp, line 805]
Event: 0.890 Thread 0x000002926bc94270 Exception <a 'java/lang/NoSuchMethodError'{0x000000070f7217b0}: 'java.lang.Object java.lang.invoke.Invokers$Holder.invokeExact_MT(java.lang.Object, java.lang.Object, java.lang.Object, java.lang.Object, java.lang.Object, java.lang.Object)'> (0x000000070f7217b0) 
thrown [s\open\src\hotspot\share\interpreter\linkResolver.cpp, line 805]
Event: 0.895 Thread 0x000002926bc94270 Exception <a 'java/lang/NoSuchMethodError'{0x000000070f72d4f0}: 'java.lang.Object java.lang.invoke.DirectMethodHandle$Holder.invokeInterface(java.lang.Object, java.lang.Object, java.lang.Object, java.lang.Object, java.lang.Object)'> (0x000000070f72d4f0) 
thrown [s\open\src\hotspot\share\interpreter\linkResolver.cpp, line 805]
Event: 0.909 Thread 0x000002926bc94270 Exception <a 'java/lang/NoSuchMethodError'{0x000000070f777eb8}: 'double java.lang.invoke.DirectMethodHandle$Holder.invokeInterface(java.lang.Object, java.lang.Object)'> (0x000000070f777eb8) 
thrown [s\open\src\hotspot\share\interpreter\linkResolver.cpp, line 805]
Event: 0.912 Thread 0x000002926bc94270 Exception <a 'java/lang/NoSuchMethodError'{0x000000070f788b28}: 'double java.lang.invoke.DelegatingMethodHandle$Holder.reinvoke_L(java.lang.Object, java.lang.Object)'> (0x000000070f788b28) 
thrown [s\open\src\hotspot\share\interpreter\linkResolver.cpp, line 805]

VM Operations (14 events):
Event: 0.218 Executing VM operation: HandshakeAllThreads (Deoptimize)
Event: 0.218 Executing VM operation: HandshakeAllThreads (Deoptimize) done
Event: 0.360 Executing VM operation: HandshakeAllThreads (Deoptimize)
Event: 0.360 Executing VM operation: HandshakeAllThreads (Deoptimize) done
Event: 0.650 Executing VM operation: HandshakeAllThreads (Deoptimize)
Event: 0.650 Executing VM operation: HandshakeAllThreads (Deoptimize) done
Event: 0.705 Executing VM operation: HandshakeAllThreads (Deoptimize)
Event: 0.705 Executing VM operation: HandshakeAllThreads (Deoptimize) done
Event: 0.708 Executing VM operation: HandshakeAllThreads (Deoptimize)
Event: 0.708 Executing VM operation: HandshakeAllThreads (Deoptimize) done
Event: 0.759 Executing VM operation: JFRSafepointClear
Event: 0.759 Executing VM operation: JFRSafepointClear done
Event: 0.855 Executing VM operation: HandshakeAllThreads (Deoptimize)
Event: 0.855 Executing VM operation: HandshakeAllThreads (Deoptimize) done

Memory protections (0 events):
No events

Nmethod flushes (0 events):
No events

Events (19 events):
Event: 0.087 Thread 0x0000029210869ec0 Thread added: 0x0000029210869ec0
Event: 0.109 Thread 0x0000029210869ec0 Thread added: 0x000002922493a8f0
Event: 0.109 Thread 0x0000029210869ec0 Thread added: 0x000002922493d140
Event: 0.109 Thread 0x0000029210869ec0 Thread added: 0x000002922493fb40
Event: 0.109 Thread 0x0000029210869ec0 Thread added: 0x0000029224942900
Event: 0.109 Thread 0x0000029210869ec0 Thread added: 0x0000029224944b10
Event: 0.110 Thread 0x0000029210869ec0 Thread added: 0x0000029224945640
Event: 0.110 Thread 0x0000029210869ec0 Thread added: 0x0000029224955280
Event: 0.217 Thread 0x0000029224955280 Thread added: 0x0000029224a3c4b0
Event: 0.219 Thread 0x0000029224a3c4b0 Thread added: 0x0000029224a3d570
Event: 0.247 Thread 0x0000029210869ec0 Thread added: 0x0000029224a93ad0
Event: 0.360 Thread 0x0000029210869ec0 Thread added: 0x000002926a114c90
Event: 0.473 Thread 0x0000029210869ec0 Thread added: 0x000002926a61d340
Event: 0.565 Thread 0x0000029224a3d570 Thread added: 0x000002926bb60b90
Event: 0.703 Thread 0x0000029210869ec0 Thread added: 0x000002926bc3beb0
Event: 0.780 Thread 0x0000029224942900 Thread added: 0x000002926bc89ee0
Event: 0.807 Thread 0x000002926bc89ee0 Thread added: 0x000002926bc94270
Event: 0.841 Thread 0x000002926bc94270 Thread added: 0x000002926bcda890
Event: 0.851 Thread 0x000002926bc94270 Thread added: 0x000002926bcdb660


Dynamic libraries:
0x00007ff7a2600000 - 0x00007ff7a260e000 	C:\Users\andre\.jdks\openjdk-24.0.1\bin\java.exe
0x00007fffcd520000 - 0x00007fffcd785000 	C:\WINDOWS\SYSTEM32\ntdll.dll
0x00007fffcc3c0000 - 0x00007fffcc489000 	C:\WINDOWS\System32\KERNEL32.DLL
0x00007fffcab40000 - 0x00007fffcaf28000 	C:\WINDOWS\System32\KERNELBASE.dll
0x00007fffcb0b0000 - 0x00007fffcb1fb000 	C:\WINDOWS\System32\ucrtbase.dll
0x00007fffc0d50000 - 0x00007fffc0d6b000 	C:\Users\andre\.jdks\openjdk-24.0.1\bin\VCRUNTIME140.dll
0x00007fffc0d70000 - 0x00007fffc0d86000 	C:\Users\andre\.jdks\openjdk-24.0.1\bin\jli.dll
0x00007fffccbd0000 - 0x00007fffccd9a000 	C:\WINDOWS\System32\USER32.dll
0x00007fffb1f20000 - 0x00007fffb21ba000 	C:\WINDOWS\WinSxS\amd64_microsoft.windows.common-controls_6595b64144ccf1df_6.0.26100.4202_none_3e0698d4e335f517\COMCTL32.dll
0x00007fffca7f0000 - 0x00007fffca817000 	C:\WINDOWS\System32\win32u.dll
0x00007fffcc390000 - 0x00007fffcc3bb000 	C:\WINDOWS\System32\GDI32.dll
0x00007fffcb3b0000 - 0x00007fffcb459000 	C:\WINDOWS\System32\msvcrt.dll
0x00007fffca970000 - 0x00007fffcaaa7000 	C:\WINDOWS\System32\gdi32full.dll
0x00007fffca8c0000 - 0x00007fffca963000 	C:\WINDOWS\System32\msvcp_win.dll
0x00007fffccda0000 - 0x00007fffccdd0000 	C:\WINDOWS\System32\IMM32.DLL
0x00007fffc3090000 - 0x00007fffc309c000 	C:\Users\andre\.jdks\openjdk-24.0.1\bin\vcruntime140_1.dll
0x00007fffc0cc0000 - 0x00007fffc0d4e000 	C:\Users\andre\.jdks\openjdk-24.0.1\bin\msvcp140.dll
0x00007fff60d90000 - 0x00007fff61b32000 	C:\Users\andre\.jdks\openjdk-24.0.1\bin\server\jvm.dll
0x00007fffcbcf0000 - 0x00007fffcbda3000 	C:\WINDOWS\System32\ADVAPI32.dll
0x00007fffcceb0000 - 0x00007fffccf56000 	C:\WINDOWS\System32\sechost.dll
0x00007fffcc900000 - 0x00007fffcca15000 	C:\WINDOWS\System32\RPCRT4.dll
0x00007fffccde0000 - 0x00007fffcce54000 	C:\WINDOWS\System32\WS2_32.dll
0x00007fffca4c0000 - 0x00007fffca51e000 	C:\WINDOWS\SYSTEM32\POWRPROF.dll
0x00007fffb4890000 - 0x00007fffb48c5000 	C:\WINDOWS\SYSTEM32\WINMM.dll
0x00007fffbdc50000 - 0x00007fffbdc5b000 	C:\WINDOWS\SYSTEM32\VERSION.dll
0x00007fffca4a0000 - 0x00007fffca4b4000 	C:\WINDOWS\SYSTEM32\UMPDC.dll
0x00007fffc93f0000 - 0x00007fffc940b000 	C:\WINDOWS\SYSTEM32\kernel.appcore.dll
0x00007fffc2600000 - 0x00007fffc260a000 	C:\Users\andre\.jdks\openjdk-24.0.1\bin\jimage.dll
0x00007fffc7f80000 - 0x00007fffc81c1000 	C:\WINDOWS\SYSTEM32\DBGHELP.DLL
0x00007fffcd0e0000 - 0x00007fffcd465000 	C:\WINDOWS\System32\combase.dll
0x00007fffcb2c0000 - 0x00007fffcb3a1000 	C:\WINDOWS\System32\OLEAUT32.dll
0x00007fffaff80000 - 0x00007fffaffb9000 	C:\WINDOWS\SYSTEM32\dbgcore.DLL
0x00007fffca820000 - 0x00007fffca8b9000 	C:\WINDOWS\System32\bcryptPrimitives.dll
0x00007fffc0cb0000 - 0x00007fffc0cbf000 	C:\Users\andre\.jdks\openjdk-24.0.1\bin\instrument.dll
0x00007fffc0450000 - 0x00007fffc046e000 	C:\Users\andre\.jdks\openjdk-24.0.1\bin\java.dll
0x00007fffcca20000 - 0x00007fffccbbe000 	C:\WINDOWS\System32\ole32.dll
0x00007fffcb570000 - 0x00007fffcbcb2000 	C:\WINDOWS\System32\SHELL32.dll
0x00007fffcaf30000 - 0x00007fffcb0a4000 	C:\WINDOWS\System32\wintypes.dll
0x00007fff5dba0000 - 0x00007fff5dd98000 	C:\Users\andre\AppData\Local\Temp\idea_libasyncProfiler_dll_temp_folder\libasyncProfiler.dll
0x00007fffc82b0000 - 0x00007fffc8b08000 	C:\WINDOWS\SYSTEM32\windows.storage.dll
0x00007fffcc610000 - 0x00007fffcc701000 	C:\WINDOWS\System32\SHCORE.dll
0x00007fffcd470000 - 0x00007fffcd4da000 	C:\WINDOWS\System32\shlwapi.dll
0x00007fffca580000 - 0x00007fffca5af000 	C:\WINDOWS\SYSTEM32\profapi.dll
0x00007fffbee60000 - 0x00007fffbee77000 	C:\Users\andre\.jdks\openjdk-24.0.1\bin\zip.dll
0x00007fffc0ca0000 - 0x00007fffc0cb0000 	C:\Users\andre\.jdks\openjdk-24.0.1\bin\net.dll
0x00007fffc9940000 - 0x00007fffc99aa000 	C:\WINDOWS\system32\mswsock.dll
0x00007fffbf730000 - 0x00007fffbf746000 	C:\Users\andre\.jdks\openjdk-24.0.1\bin\nio.dll
0x00007fffbf710000 - 0x00007fffbf719000 	C:\Users\andre\.jdks\openjdk-24.0.1\bin\extnet.dll
0x00007fffc8ef0000 - 0x00007fffc9017000 	C:\WINDOWS\SYSTEM32\DNSAPI.dll
0x00007fffc8e00000 - 0x00007fffc8e33000 	C:\WINDOWS\SYSTEM32\IPHLPAPI.DLL
0x00007fffccf60000 - 0x00007fffccf6a000 	C:\WINDOWS\System32\NSI.dll
0x00007fffb8b20000 - 0x00007fffb8b2b000 	C:\Windows\System32\rasadhlp.dll
0x00007fffb7230000 - 0x00007fffb72b6000 	C:\WINDOWS\System32\fwpuclnt.dll
0x00007fffbee50000 - 0x00007fffbee5a000 	C:\Users\andre\.jdks\openjdk-24.0.1\bin\management.dll
0x00007fffbee00000 - 0x00007fffbee0b000 	C:\Users\andre\.jdks\openjdk-24.0.1\bin\management_ext.dll
0x00007fffcc2d0000 - 0x00007fffcc2d8000 	C:\WINDOWS\System32\PSAPI.DLL
0x00007fffc9d20000 - 0x00007fffc9d3b000 	C:\WINDOWS\SYSTEM32\CRYPTSP.dll
0x00007fffc9350000 - 0x00007fffc938a000 	C:\WINDOWS\system32\rsaenh.dll
0x00007fffc99e0000 - 0x00007fffc9a0b000 	C:\WINDOWS\SYSTEM32\USERENV.dll
0x00007fffca550000 - 0x00007fffca576000 	C:\WINDOWS\SYSTEM32\bcrypt.dll
0x00007fffc9b80000 - 0x00007fffc9b8c000 	C:\WINDOWS\SYSTEM32\CRYPTBASE.dll
0x00007fff52520000 - 0x00007fff52538000 	C:\WINDOWS\system32\napinsp.dll
0x00007fff52500000 - 0x00007fff52512000 	C:\WINDOWS\System32\winrnr.dll
0x00007fff524c0000 - 0x00007fff524f0000 	C:\WINDOWS\system32\nlansp_c.dll
0x00007fffbcc60000 - 0x00007fffbcc80000 	C:\WINDOWS\system32\wshbth.dll
0x00007fffac280000 - 0x00007fffac2ce000 	C:\WINDOWS\SYSTEM32\pdh.dll

JVMTI agents:
C:\Program Files\JetBrains\IntelliJ IDEA 2025.1.2\lib\idea_rt.jar path:C:\Users\andre\.jdks\openjdk-24.0.1\bin\instrument.dll, loaded, initialized, instrumentlib options:52854
C:\Users\andre\AppData\Local\Temp\idea_libasyncProfiler_dll_temp_folder\libasyncProfiler.dll path:C:\Users\andre\AppData\Local\Temp\idea_libasyncProfiler_dll_temp_folder\libasyncProfiler.dll, loaded, initialized, options:start,jfr,event=wall,interval=10ms,jfrsync=profile,cstack=no,file=C:\Users\andre\IdeaSnapshots\StudentServiceApplication_2025_06_23_130126.jfr,dbghelppath=C:\Users\andre\AppData\Local\Temp\idea_dbghelp_dll_temp_folder\dbghelp.dll,log=C:\Users\andre\AppData\Local\Temp\StudentServiceApplication_2025_06_23_130126.jfr.log.txt,logLevel=DEBUG

dbghelp: loaded successfully - version: 4.0.5 - missing functions: none
symbol engine: initialized successfully - sym options: 0x614 - pdb path: .;C:\Users\andre\.jdks\openjdk-24.0.1\bin;C:\WINDOWS\SYSTEM32;C:\WINDOWS\WinSxS\amd64_microsoft.windows.common-controls_6595b64144ccf1df_6.0.26100.4202_none_3e0698d4e335f517;C:\Users\andre\.jdks\openjdk-24.0.1\bin\server;C:\Users\andre\AppData\Local\Temp\idea_libasyncProfiler_dll_temp_folder

VM Arguments:
jvm_args: -XX:TieredStopAtLevel=1 -Dspring.output.ansi.enabled=always -Dcom.sun.management.jmxremote -Dspring.jmx.enabled=true -Dspring.liveBeansView.mbeanDomain -Dspring.application.admin.enabled=true -Dmanagement.endpoints.jmx.exposure.include=* -javaagent:C:\Program Files\JetBrains\IntelliJ IDEA 2025.1.2\lib\idea_rt.jar=52854 -agentpath:C:\Users\andre\AppData\Local\Temp\idea_libasyncProfiler_dll_temp_folder\libasyncProfiler.dll=start,jfr,event=wall,interval=10ms,jfrsync=profile,cstack=no,file=C:\Users\andre\IdeaSnapshots\StudentServiceApplication_2025_06_23_130126.jfr,dbghelppath=C:\Users\andre\AppData\Local\Temp\idea_dbghelp_dll_temp_folder\dbghelp.dll,log=C:\Users\andre\AppData\Local\Temp\StudentServiceApplication_2025_06_23_130126.jfr.log.txt,logLevel=DEBUG -Dfile.encoding=UTF-8 -Dsun.stdout.encoding=UTF-8 -Dsun.stderr.encoding=UTF-8 
java_command: ait.cohort5860.StudentServiceApplication
java_class_path (initial): D:\AIT_education\JAVA-PRO\Lessons\lesson_11\student-service\target\classes;C:\Users\andre\.m2\repository\org\springframework\boot\spring-boot-starter-web\3.5.3\spring-boot-starter-web-3.5.3.jar;C:\Users\andre\.m2\repository\org\springframework\boot\spring-boot-starter\3.5.3\spring-boot-starter-3.5.3.jar;C:\Users\andre\.m2\repository\org\springframework\boot\spring-boot\3.5.3\spring-boot-3.5.3.jar;C:\Users\andre\.m2\repository\org\springframework\boot\spring-boot-autoconfigure\3.5.3\spring-boot-autoconfigure-3.5.3.jar;C:\Users\andre\.m2\repository\org\springframework\boot\spring-boot-starter-logging\3.5.3\spring-boot-starter-logging-3.5.3.jar;C:\Users\andre\.m2\repository\ch\qos\logback\logback-classic\1.5.18\logback-classic-1.5.18.jar;C:\Users\andre\.m2\repository\ch\qos\logback\logback-core\1.5.18\logback-core-1.5.18.jar;C:\Users\andre\.m2\repository\org\apache\logging\log4j\log4j-to-slf4j\2.24.3\log4j-to-slf4j-2.24.3.jar;C:\Users\andre\.m2\repository\org\apache\logging\log4j\log4j-api\2.24.3\log4j-api-2.24.3.jar;C:\Users\andre\.m2\repository\org\slf4j\jul-to-slf4j\2.0.17\jul-to-slf4j-2.0.17.jar;C:\Users\andre\.m2\repository\jakarta\annotation\jakarta.annotation-api\2.1.1\jakarta.annotation-api-2.1.1.jar;C:\Users\andre\.m2\repository\org\yaml\snakeyaml\2.4\snakeyaml-2.4.jar;C:\Users\andre\.m2\repository\org\springframework\boot\spring-boot-starter-json\3.5.3\spring-boot-starter-json-3.5.3.jar;C:\Users\andre\.m2\repository\com\fasterxml\jackson\core\jackson-databind\2.19.1\jackson-databind-2.19.1.jar;C:\Users\andre\.m2\repository\com\fasterxml\jackson\core\jackson-annotations\2.19.1\jackson-annotations-2.19.1.jar;C:\Users\andre\.m2\repository\com\fasterxml\jackson\core\jackson-core\2.19.1\jackson-core-2.19.1.jar;C:\Users\andre\.m2\repository\com\fasterxml\jackson\datatype\jackson-datatype-jdk8\2.19.1\jackson-datatype-jdk8-2.19.1.jar;C:\Users\andre\.m2\repository\com\fasterxml\jackson\datatype\jackson-datatype-jsr310\2.19.1\jackson-datatype-jsr310-2.19.1.jar;C:\Users\andre\.m2\repository\com\fasterxml\jackson\module\jackson-module-parameter-names\2.19.1\jackson-module-parameter-names-2.19.1.jar;C:\Users\andre\.m2\repository\org\springframework\boot\spring-boot-starter-tomcat\3.5.3\spring-boot-starter-tomcat-3.5.3.jar;C:\Users\andre\.m2\repository\org\apache\tomcat\embed\tomcat-embed-core\10.1.42\tomcat-embed-core-10.1.42.jar;C:\Users\andre\.m2\repository\org\apache\tomcat\embed\tomcat-embed-el\10.1.42\tomcat-embed-el-10.1.42.jar;C:\Users\andre\.m2\repository\org\apache\tomcat\embed\tomcat-embed-websocket\10.1.42\tomcat-embed-websocket-10.1.42.jar;C:\Users\andre\.m2\repository\org\springframework\spring-web\6.2.8\spring-web-6.2.8.jar;C:\Users\andre\.m2\repository\org\springframework\spring-beans\6.2.8\spring-beans-6.2.8.jar;C:\Users\andre\.m2\repository\io\micrometer\micrometer-observation\1.15.1\micrometer-observation-1.15.1.jar;C:\Users\andre\.m2\repository\io\micrometer\micrometer-commons\1.15.1\micrometer-commons-1.15.1.jar;C:\Users\andre\.m2\repository\org\springframework\spring-webmvc\6.2.8\spring-webmvc-6.2.8.jar;C:\Users\andre\.m2\repository\org\springframework\spring-aop\6.2.8\spring-aop-6.2.8.jar;C:\Users\andre\.m2\repository\org\springframework\spring-context\6.2.8\spring-context-6.2.8.jar;C:\Users\andre\.m2\repository\org\springframework\spring-expression\6.2.8\spring-expression-6.2.8.jar;C:\Users\andre\.m2\repository\org\springframework\boot\spring-boot-starter-data-mongodb\3.5.3\spring-boot-starter-data-mongodb-3.5.3.jar;C:\Users\andre\.m2\repository\org\mongodb\mongodb-driver-sync\5.5.1\mongodb-driver-sync-5.5.1.jar;C:\Users\andre\.m2\repository\org\mongodb\bson\5.5.1\bson-5.5.1.jar;C:\Users\andre\.m2\repository\org\mongodb\mongodb-driver-core\5.5.1\mongodb-driver-core-5.5.1.jar;C:\Users\andre\.m2\repository\org\mongodb\bson-record-codec\5.5.1\bson-record-codec-5.5.1.jar;C:\Users\andre\.m2\repository\org\springframework\data\spring-data-mongodb\4.5.1\spring-data-mongodb-4.5.1.jar;C:\Users\andre\.m2\repository\org\springframework\spring-tx\6.2.8\spring-tx-6.2.8.jar;C:\Users\andre\.m2\repository\org\springframework\data\spring-data-commons\3.5.1\spring-data-commons-3.5.1.jar;C:\Users\andre\.m2\repository\org\slf4j\slf4j-api\2.0.17\slf4j-api-2.0.17.jar;C:\Users\andre\.m2\repository\org\projectlombok\lombok\1.18.38\lombok-1.18.38.jar;C:\Users\andre\.m2\repository\org\springframework\spring-core\6.2.8\spring-core-6.2.8.jar;C:\Users\andre\.m2\repository\org\springframework\spring-jcl\6.2.8\spring-jcl-6.2.8.jar
Launcher Type: SUN_STANDARD

[Global flags]
     intx CICompilerCount                          = 4                                         {product} {ergonomic}
     uint ConcGCThreads                            = 2                                         {product} {ergonomic}
     bool FlightRecorder                           = true                                      {product} {management}
     uint G1ConcRefinementThreads                  = 8                                         {product} {ergonomic}
   size_t G1HeapRegionSize                         = 2097152                                   {product} {ergonomic}
   size_t InitialHeapSize                          = 268435456                                 {product} {ergonomic}
     bool ManagementServer                         = true                                      {product} {command line}
   size_t MarkStackSize                            = 4194304                                   {product} {ergonomic}
   size_t MarkStackSizeMax                         = 536870912                                 {product} {ergonomic}
   size_t MaxHeapSize                              = 4267704320                                {product} {ergonomic}
   size_t MaxNewSize                               = 2560622592                                {product} {ergonomic}
   size_t MinHeapDeltaBytes                        = 2097152                                   {product} {ergonomic}
   size_t MinHeapSize                              = 8388608                                   {product} {ergonomic}
    uintx NonNMethodCodeHeapSize                   = 4096                                   {pd product} {ergonomic}
    uintx NonProfiledCodeHeapSize                  = 0                                      {pd product} {ergonomic}
     bool ProfileInterpreter                       = false                                  {pd product} {command line}
    uintx ProfiledCodeHeapSize                     = 0                                      {pd product} {ergonomic}
   size_t SoftMaxHeapSize                          = 4267704320                             {manageable} {ergonomic}
     intx TieredStopAtLevel                        = 1                                         {product} {command line}
     bool UseCompressedOops                        = true                           {product lp64_product} {ergonomic}
     bool UseG1GC                                  = true                                      {product} {ergonomic}
     bool UseLargePagesIndividualAllocation        = false                                  {pd product} {ergonomic}

Logging:
Log output configuration:
 #0: stdout all=warning uptime,level,tags foldmultilines=false
 #1: stderr all=off uptime,level,tags foldmultilines=false

Environment Variables:
PATH=C:\WINDOWS\system32;C:\WINDOWS;C:\WINDOWS\System32\Wbem;C:\WINDOWS\System32\WindowsPowerShell\v1.0\;C:\WINDOWS\System32\OpenSSH\;C:\Program Files\Git\cmd;C:\ProgramData\chocolatey\bin;C:\Program Files\nodejs\;C:\Program Files\Docker\Docker\resources\bin;C:\Program Files\PowerShell\7\;C:\Users\andre\AppData\Local\Microsoft\WindowsApps;C:\Users\andre\AppData\Local\Programs\Microsoft VS Code\bin;C:\Users\andre\AppData\Local\GitHubDesktop\bin;C:\Users\andre\AppData\Roaming\npm;C:\Program Files\JetBrains\IntelliJ IDEA 2025.1.2\bin;
USERNAME=andre
OS=Windows_NT
PROCESSOR_IDENTIFIER=Intel64 Family 6 Model 142 Stepping 10, GenuineIntel
TMP=C:\Users\andre\AppData\Local\Temp
TEMP=C:\Users\andre\AppData\Local\Temp




Periodic native trim disabled

---------------  S Y S T E M  ---------------

OS:
 Windows 11 , 64 bit Build 26100 (10.0.26100.4202)
OS uptime: 0 days 5:42 hours
Hyper-V role detected

CPU: total 8 (initial active 8) (4 cores per cpu, 2 threads per core) family 6 model 142 stepping 10 microcode 0xf0, cx8, cmov, fxsr, ht, mmx, 3dnowpref, sse, sse2, sse3, ssse3, sse4.1, sse4.2, popcnt, lzcnt, tsc, tscinvbit, avx, avx2, aes, erms, clmul, bmi1, bmi2, adx, fma, vzeroupper, clflush, clflushopt, hv, rdtscp, f16c
Processor Information for the first 8 processors :
  Max Mhz: 1800, Current Mhz: 1600, Mhz Limit: 1584

Memory: 4k page, system-wide physical 16275M (2714M free)
TotalPageFile size 20371M (AvailPageFile size 1809M)
current process WorkingSet (physical memory assigned to process): 94M, peak: 94M
current process commit charge ("private bytes"): 389M, peak: 390M

vm_info: OpenJDK 64-Bit Server VM (24.0.1+9-30) for windows-amd64 JRE (24.0.1+9-30), built on 2025-03-05T07:23:45Z with MS VC++ 17.6 (VS2022)

END.
